<?xml version="1.0" encoding="UTF-8"?>
<TestRun id="be126d5d-c05a-4d68-be34-b26ddd92c26e" name="lanliang@LANLIANG 2012-03-05 18:26:20" runUser="FEINNO\lanliang" xmlns="http://microsoft.com/schemas/VisualStudio/TeamTest/2006">
  <TestRunConfiguration name="Local Test Run" id="bdc57d06-3181-4251-9012-5faaaa8a00ee">
    <Description>This is a default test run configuration for a local test run.</Description>
    <Deployment runDeploymentRoot="E:\Demo\c++Lab1\TestResults\lanliang_LANLIANG 2012-03-05 18_26_20" />
    <TestTypeSpecific />
  </TestRunConfiguration>
  <ResultSummary outcome="Error">
    <Counters total="2" error="0" failed="0" timeout="0" aborted="0" inconclusive="0" passedButRunAborted="0" notRunnable="0" notExecuted="2" disconnected="0" warning="0" passed="0" completed="0" inProgress="0" pending="0" />
    <RunInfos>
      <RunInfo computerName="LANLIANG" outcome="Error" timestamp="2012-03-05T18:26:39.0225407+08:00">
        <Text>Test host process exited unexpectedly.</Text>
      </RunInfo>
    </RunInfos>
  </ResultSummary>
  <Times creation="2012-03-05T18:26:20.9285591+08:00" queuing="2012-03-05T18:26:32.9912135+08:00" start="2012-03-05T18:26:34.9287383+08:00" finish="2012-03-05T18:26:39.0537911+08:00" />
  <TestDefinitions>
    <ManualTest name="ManualTest1" storage="e:\Demo\c++Lab1\C++TEST2\ManualTest1.mht" id="ec8a2153-ad4b-4c86-be44-7473dd7888fb">
      <Css projectStructure="" iteration="" />
      <Description>To do: set description</Description>
      <Owners>
        <Owner name="" />
      </Owners>
    </ManualTest>
    <UnitTest name="TestMethod1" storage="e:\demo\c++lab1\debug\c++test2.dll" id="dfe80fde-f6ac-2719-09ac-c2ce0773b6db">
      <Css projectStructure="" iteration="" />
      <Owners>
        <Owner name="" />
      </Owners>
      <TestMethod codeBase="E:\Demo\c++Lab1\Debug\C++TEST2.dll" adapterTypeName="Microsoft.VisualStudio.TestTools.TestTypes.Unit.UnitTestAdapter, Microsoft.VisualStudio.QualityTools.Tips.UnitTest.Adapter, Version=9.0.0.0, Culture=neutral, PublicKeyToken=b03f5f7f11d50a3a" className="CTEST2.UnitTest1, C++TEST2" name="TestMethod1" />
    </UnitTest>
  </TestDefinitions>
  <TestLists>
    <TestList name="Results Not in a List" id="8c84fa94-04c1-424b-9868-57a2d4851a1d" />
    <TestList name="All Loaded Results" id="19431567-8539-422a-85d7-44ee4e166bda" />
  </TestLists>
  <TestEntries>
    <TestEntry testId="ec8a2153-ad4b-4c86-be44-7473dd7888fb" executionId="e21ddaae-1a7d-4d87-8a74-4a0c2223bf5c" testListId="8c84fa94-04c1-424b-9868-57a2d4851a1d" />
    <TestEntry testId="dfe80fde-f6ac-2719-09ac-c2ce0773b6db" executionId="cbd07c36-6d59-4e2d-a879-5269dc8258b2" testListId="8c84fa94-04c1-424b-9868-57a2d4851a1d" />
  </TestEntries>
  <Results>
    <ManualTestResult executionId="e21ddaae-1a7d-4d87-8a74-4a0c2223bf5c" testId="ec8a2153-ad4b-4c86-be44-7473dd7888fb" testName="ManualTest1" computerName="LANLIANG" duration="00:00:00" startTime="0001-01-01T08:00:00.0000000+08:00" endTime="0001-01-01T08:00:00.0000000+08:00" testType="7a24f8ff-85da-d664-ef44-83ff4743dae6" outcome="NotExecuted" testListId="8c84fa94-04c1-424b-9868-57a2d4851a1d" testFile="e:\Demo\c++Lab1\C++TEST2\ManualTest1.mht">
    </ManualTestResult>
    <UnitTestResult executionId="cbd07c36-6d59-4e2d-a879-5269dc8258b2" testId="dfe80fde-f6ac-2719-09ac-c2ce0773b6db" testName="TestMethod1" computerName="LANLIANG" duration="00:00:00" startTime="0001-01-01T08:00:00.0000000+08:00" endTime="0001-01-01T08:00:00.0000000+08:00" testType="13cdc9d9-ddb5-4fa4-a97d-d965ccfc6d4b" outcome="NotExecuted" testListId="8c84fa94-04c1-424b-9868-57a2d4851a1d">
    </UnitTestResult>
  </Results>
</TestRun>